  MyForm.cpp
C:\Users\Theo Constantin\source\repos\Project3\Project3\MyForm.cpp(10,33): warning C4829: Possibly incorrect parameters to function main. Consider 'int main(Platform::Array<Platform::String^>^ argv)'
c:\opencv\opencv\build\include\opencv2\core\cuda.inl.hpp(105): warning C4793: 'cv::cuda::GpuMat::GpuMat': function compiled as native:
  	Found an intrinsic not supported in managed code
c:\opencv\opencv\build\include\opencv2\core\cuda.inl.hpp(395): warning C4793: 'cv::cuda::HostMem::HostMem': function compiled as native:
  	Found an intrinsic not supported in managed code
c:\opencv\opencv\build\include\opencv2\core\mat.inl.hpp(530): warning C4793: 'cv::Mat::Mat': function compiled as native:
  	Found an intrinsic not supported in managed code
c:\opencv\opencv\build\include\opencv2\core\fast_math.hpp(204): warning C4793: '`anonymous namespace'::cvRound': function compiled as native:
  	Found an intrinsic not supported in managed code
c:\opencv\opencv\build\include\opencv2\core\fast_math.hpp(205): warning C4793: '`anonymous namespace'::cvRound': function compiled as native:
  	Found an intrinsic not supported in managed code
c:\opencv\opencv\build\include\opencv2\core\mat.inl.hpp(850): warning C4793: 'cv::Mat::release': function compiled as native:
  	Found an intrinsic not supported in managed code
c:\opencv\opencv\build\include\opencv2\core\mat.inl.hpp(2181): warning C4793: 'cv::SparseMat::addref': function compiled as native:
  	Found an intrinsic not supported in managed code
c:\opencv\opencv\build\include\opencv2\core\mat.inl.hpp(3781): warning C4793: 'cv::UMat::addref': function compiled as native:
  	Found an intrinsic not supported in managed code
  MyForm.obj : MSIL module encountered; incremental linking is disabled for MSIL; performing full link
  Project3.vcxproj -> C:\Users\Theo Constantin\source\repos\Project3\x64\Debug\Project3.exe
